[2017-03-27 09:36:39] START
[2017-03-27 09:43:54] EDIT eisenergy/models/db.py: 1
[2017-03-27 09:51:24] EDIT eisenergy/views/default/index.html: -20
[2017-03-27 09:52:30] EDIT eisenergy/views/default/index.html: -17
[2017-03-27 09:52:44] EDIT eisenergy/views/default/index.html: -1
[2017-03-27 09:53:03] EDIT eisenergy/views/default/index.html: 0
[2017-03-27 09:53:21] EDIT eisenergy/controllers/default.py: 0
[2017-03-27 09:53:28] EDIT eisenergy/controllers/default.py: -1
[2017-03-27 09:54:55] EDIT eisenergy/views/default/index.html: -10
[2017-03-27 10:50:58] EDIT eisenergy/models/db.py: 2
[2017-03-27 10:51:48] EDIT eisenergy/models/db.py: 0
[2017-03-27 10:58:37] EDIT eisenergy/controllers/default.py: 5
[2017-04-05 05:12:24] EDIT eisenergy/controllers/default.py: -1
[2017-04-05 05:12:37] EDIT eisenergy/controllers/default.py: 1
[2017-04-05 12:31:26] CREATE default/graph.html: 0
[2017-04-05 13:22:15] EDIT eisenergy/views/default/graph.html: -2
[2017-04-05 13:48:48] EDIT eisenergy/views/default/graph.html: 21
[2017-04-05 13:52:20] EDIT eisenergy/controllers/default.py: 3
[2017-04-05 14:01:09] EDIT eisenergy/controllers/default.py: 2
[2017-04-05 14:03:42] EDIT eisenergy/models/db.py: 0
[2017-04-05 14:07:10] EDIT eisenergy/controllers/default.py: 1
[2017-04-05 14:10:34] EDIT eisenergy/views/default/graph.html: -7
[2017-04-05 14:11:19] EDIT eisenergy/views/default/graph.html: 1
[2017-04-05 14:13:31] EDIT eisenergy/views/default/graph.html: 37
[2017-04-05 14:14:44] EDIT eisenergy/views/default/graph.html: 1
[2017-04-05 14:14:45] EDIT eisenergy/views/default/graph.html: 0
[2017-04-05 14:15:57] EDIT eisenergy/views/default/graph.html: 20
[2017-04-05 14:17:24] EDIT eisenergy/views/default/graph.html: 1
[2017-04-05 14:18:17] EDIT eisenergy/views/default/graph.html: -3
[2017-04-05 14:19:14] EDIT eisenergy/views/default/graph.html: 0
[2017-04-05 14:19:48] EDIT eisenergy/views/default/graph.html: 0
[2017-04-05 14:20:07] EDIT eisenergy/views/default/graph.html: 3
[2017-04-05 14:20:43] EDIT eisenergy/views/default/graph.html: 2
[2017-04-05 14:21:16] EDIT eisenergy/views/default/graph.html: 0
[2017-04-05 14:21:57] EDIT eisenergy/views/default/graph.html: 0
[2017-04-05 14:22:20] EDIT eisenergy/views/default/graph.html: 0
[2017-04-05 14:23:13] EDIT eisenergy/controllers/default.py: 3
[2017-04-05 14:25:47] EDIT eisenergy/controllers/default.py: 2
[2017-04-05 14:26:24] EDIT eisenergy/controllers/default.py: 4
[2017-04-05 14:39:00] CREATE default/getdata.html: 0
[2017-04-05 14:39:10] EDIT eisenergy/views/default/getdata.html: -2
[2017-04-05 14:40:15] EDIT eisenergy/views/default/getdata.html: 0
[2017-04-05 14:43:14] EDIT eisenergy/views/default/graph.html: 0
[2017-04-05 14:43:27] EDIT eisenergy/views/default/graph.html: 0
[2017-04-05 14:44:54] EDIT eisenergy/views/default/graph.html: 0
[2017-04-05 14:45:34] EDIT eisenergy/views/default/graph.html: 0
[2017-04-05 14:45:57] EDIT eisenergy/views/default/graph.html: 0
[2017-04-05 14:46:01] EDIT eisenergy/views/default/graph.html: 0
[2017-04-05 14:46:33] EDIT eisenergy/controllers/default.py: 0
[2017-04-05 14:47:12] EDIT eisenergy/controllers/default.py: 0
[2017-04-05 14:48:52] EDIT eisenergy/views/default/graph.html: 0
[2017-04-05 14:50:24] EDIT eisenergy/views/default/graph.html: 2
[2017-04-05 14:52:31] EDIT eisenergy/views/default/graph.html: 2
[2017-04-05 14:53:03] EDIT eisenergy/views/default/graph.html: -2
[2017-04-05 14:57:11] EDIT eisenergy/views/default/graph.html: 0
[2017-04-05 14:57:50] EDIT eisenergy/views/default/graph.html: 0
[2017-04-06 09:24:28] EDIT eisenergy/views/default/graph.html: 1
[2017-04-06 09:25:04] EDIT eisenergy/views/default/graph.html: -1
[2017-04-06 09:31:25] EDIT eisenergy/controllers/default.py: -2
[2017-04-06 09:47:30] EDIT eisenergy/controllers/default.py: 0
[2017-04-06 10:03:00] EDIT eisenergy/models/db.py: 1
[2017-04-06 10:03:08] EDIT eisenergy/views/default/graph.html: 5
[2017-04-06 10:05:04] EDIT eisenergy/views/default/graph.html: 0
[2017-04-06 10:05:20] EDIT eisenergy/views/default/graph.html: 0
[2017-04-06 10:06:02] EDIT eisenergy/controllers/default.py: 3
[2017-04-06 10:12:17] EDIT eisenergy/controllers/default.py: 19
[2017-04-06 10:12:34] EDIT eisenergy/controllers/default.py: 0
[2017-04-06 10:14:23] EDIT eisenergy/controllers/default.py: 0
[2017-04-06 10:18:25] EDIT eisenergy/controllers/default.py: 15
[2017-04-06 10:18:43] EDIT eisenergy/controllers/default.py: 0
[2017-04-06 10:21:19] EDIT eisenergy/controllers/default.py: 1
[2017-04-06 10:21:22] EDIT eisenergy/controllers/default.py: 0
[2017-04-06 10:23:04] EDIT eisenergy/controllers/default.py: 0
[2017-04-06 10:34:40] EDIT eisenergy/views/default/graph.html: 1
[2017-04-06 10:34:54] EDIT eisenergy/views/default/graph.html: 0
[2017-04-06 10:35:52] EDIT eisenergy/controllers/default.py: 3
[2017-04-06 10:36:42] EDIT eisenergy/controllers/default.py: 0
[2017-04-06 10:36:58] EDIT eisenergy/controllers/default.py: 0
[2017-04-06 10:37:01] EDIT eisenergy/controllers/default.py: 0
[2017-04-06 10:37:45] EDIT eisenergy/controllers/default.py: 0
[2017-04-06 10:39:07] EDIT eisenergy/controllers/default.py: 1
[2017-04-06 10:39:44] EDIT eisenergy/controllers/default.py: 0
[2017-04-06 10:41:30] EDIT eisenergy/controllers/default.py: 0
[2017-04-06 10:41:43] EDIT eisenergy/controllers/default.py: 0
[2017-04-06 10:46:10] EDIT eisenergy/views/default/graph.html: 0
[2017-04-06 10:48:45] EDIT eisenergy/views/default/graph.html: 0
[2017-04-06 10:49:52] EDIT eisenergy/views/default/graph.html: 0
[2017-04-06 10:52:49] EDIT eisenergy/controllers/default.py: 0
[2017-04-06 10:53:53] EDIT eisenergy/controllers/default.py: 0
[2017-04-06 11:11:35] EDIT eisenergy/controllers/default.py: 0
[2017-04-06 11:11:48] EDIT eisenergy/views/default/graph.html: 3
[2017-04-06 11:11:51] EDIT eisenergy/controllers/default.py: 0
[2017-04-06 11:12:00] EDIT eisenergy/views/default/graph.html: 3
[2017-04-06 11:12:05] EDIT eisenergy/views/default/graph.html: 0
[2017-04-06 11:13:54] EDIT eisenergy/controllers/default.py: 2
[2017-04-06 11:14:04] EDIT eisenergy/controllers/default.py: 1
[2017-04-06 11:14:59] EDIT eisenergy/controllers/default.py: 3
[2017-04-06 11:15:46] EDIT eisenergy/views/default/graph.html: 1
[2017-04-06 11:16:44] EDIT eisenergy/views/default/graph.html: 1
[2017-04-06 11:19:48] EDIT eisenergy/controllers/default.py: 0
[2017-04-06 11:20:56] EDIT eisenergy/models/menu.py: -91
[2017-04-06 11:21:08] EDIT eisenergy/views/default/graph.html: 5
[2017-04-06 11:21:38] EDIT eisenergy/models/menu.py: 1
[2017-04-06 11:22:07] EDIT eisenergy/models/menu.py: 0
[2017-04-06 11:23:08] EDIT eisenergy/controllers/default.py: 6
[2017-04-06 11:23:12] EDIT eisenergy/views/default/graph.html: 0
[2017-04-06 11:27:52] EDIT eisenergy/models/menu.py: -1
[2017-04-06 11:29:02] EDIT eisenergy/controllers/default.py: 0
[2017-04-06 11:29:21] EDIT eisenergy/models/menu.py: 0
[2017-04-06 11:32:36] EDIT eisenergy/views/default/graph.html: 0
[2017-04-06 11:36:42] EDIT eisenergy/views/default/graph.html: 0
[2017-04-06 11:40:49] EDIT eisenergy/views/default/graph.html: 0
[2017-04-06 11:40:52] EDIT eisenergy/models/menu.py: -5
[2017-04-06 11:46:49] EDIT eisenergy/views/default/index.html: 3
[2017-04-06 11:48:44] EDIT eisenergy/views/default/index.html: 0
[2017-04-06 11:50:29] EDIT eisenergy/views/default/graph.html: 0
[2017-04-06 11:50:46] EDIT eisenergy/views/default/graph.html: 0
[2017-04-06 11:51:04] EDIT eisenergy/views/default/graph.html: -1
[2017-04-06 11:51:13] EDIT eisenergy/views/default/graph.html: 0
[2017-04-06 11:51:19] EDIT eisenergy/views/default/graph.html: 0
[2017-04-06 11:52:26] EDIT eisenergy/views/default/graph.html: 1
[2017-04-06 11:53:23] EDIT eisenergy/views/default/graph.html: 0
[2017-04-06 11:53:59] EDIT eisenergy/views/default/graph.html: 0
[2017-04-06 11:59:05] EDIT eisenergy/views/default/graph.html: 0
[2017-04-06 12:00:01] EDIT eisenergy/views/default/graph.html: 0
[2017-04-06 12:00:27] EDIT eisenergy/views/default/graph.html: 0
[2017-04-06 12:01:10] EDIT eisenergy/views/default/graph.html: 0
[2017-04-06 12:09:27] EDIT eisenergy/views/default/graph.html: -3
[2017-04-06 12:09:56] EDIT eisenergy/views/default/graph.html: 0
[2017-04-06 12:09:58] EDIT eisenergy/views/default/graph.html: 0
[2017-04-06 12:17:45] EDIT eisenergy/controllers/default.py: 0
[2017-04-06 12:36:05] EDIT eisenergy/views/default/graph.html: 0
[2017-04-06 12:36:19] EDIT eisenergy/views/default/graph.html: 0
[2017-04-27 21:34:17] EDIT EISPortal/models/db.py: 1
[2017-04-27 21:44:40] EDIT EISPortal/controllers/default.py: 1
[2017-04-27 21:44:48] EDIT EISPortal/controllers/default.py: 0
[2017-04-27 21:44:51] EDIT EISPortal/controllers/default.py: 0
[2017-04-27 22:08:54] EDIT EISPortal/controllers/default.py: 0
[2017-04-27 22:09:08] EDIT EISPortal/controllers/default.py: 0
[2017-04-27 22:09:34] EDIT EISPortal/controllers/default.py: 0
[2017-04-27 22:09:51] EDIT EISPortal/controllers/default.py: 0
[2017-04-27 22:10:02] EDIT EISPortal/controllers/default.py: -7
[2017-04-27 22:10:11] EDIT EISPortal/controllers/default.py: -5
[2017-04-27 22:10:22] EDIT EISPortal/controllers/default.py: 0
[2017-04-27 22:11:31] EDIT EISPortal/controllers/default.py: 0
[2017-04-27 22:13:53] EDIT EISPortal/controllers/default.py: 0
[2017-04-29 15:30:25] EDIT EISPortal/controllers/default.py: 0
[2017-04-29 15:30:56] EDIT EISPortal/controllers/default.py: 0
[2017-04-29 15:32:04] EDIT EISPortal/controllers/default.py: 0
[2017-04-29 15:32:31] EDIT EISPortal/controllers/default.py: 0
[2017-04-29 15:43:59] EDIT EISPortal/controllers/default.py: 3
[2017-04-29 15:44:04] EDIT EISPortal/controllers/default.py: 1
[2017-04-29 15:48:06] EDIT EISPortal/controllers/default.py: 3
[2017-04-29 15:48:21] EDIT EISPortal/controllers/default.py: 0
[2017-04-29 15:48:21] EDIT EISPortal/controllers/default.py: 0
[2017-04-29 15:50:22] EDIT EISPortal/controllers/default.py: 0
[2017-04-29 15:50:26] EDIT EISPortal/controllers/default.py: 0
[2017-04-29 15:50:36] EDIT EISPortal/controllers/default.py: 0
[2017-04-29 15:58:16] EDIT EISPortal/controllers/default.py: 1
[2017-04-29 15:58:57] EDIT EISPortal/controllers/default.py: 2
[2017-04-29 15:58:57] EDIT EISPortal/controllers/default.py: 0
[2017-04-29 15:59:50] EDIT EISPortal/controllers/default.py: 0
[2017-04-29 15:59:51] EDIT EISPortal/controllers/default.py: 0
[2017-04-29 16:00:30] EDIT EISPortal/controllers/default.py: 0
[2017-04-29 16:00:32] EDIT EISPortal/controllers/default.py: 0
[2017-04-29 16:01:17] EDIT EISPortal/controllers/default.py: 0
[2017-04-29 16:05:41] EDIT EISPortal/views/default/graph.html: 1
[2017-04-29 16:05:52] EDIT EISPortal/views/default/graph.html: 0
[2017-04-29 16:07:03] EDIT EISPortal/views/default/graph.html: 1
[2017-04-29 16:07:05] EDIT EISPortal/views/default/graph.html: 0
[2017-04-29 16:07:09] EDIT EISPortal/views/default/graph.html: 0
[2017-04-29 17:42:35] EDIT EISPortal/views/default/graph.html: 3
[2017-04-29 17:43:07] EDIT EISPortal/views/default/graph.html: 0
[2017-04-29 17:43:50] EDIT EISPortal/controllers/default.py: 2
[2017-04-29 17:44:31] EDIT EISPortal/controllers/default.py: 10
[2017-04-29 17:48:04] EDIT EISPortal/controllers/default.py: 0
[2017-04-29 17:51:19] EDIT EISPortal/controllers/default.py: 1
[2017-04-29 17:51:21] EDIT EISPortal/controllers/default.py: 0
[2017-04-29 18:00:27] EDIT EISPortal/views/default/graph.html: 1
[2017-04-29 18:04:10] EDIT EISPortal/views/default/graph.html: 2
[2017-04-29 18:05:49] EDIT EISPortal/views/default/graph.html: -1
[2017-04-29 18:06:19] EDIT EISPortal/views/default/graph.html: 0
[2017-04-29 18:06:24] EDIT EISPortal/views/default/graph.html: 0
[2017-04-29 18:09:07] EDIT EISPortal/views/default/graph.html: 0
[2017-04-29 18:10:07] EDIT EISPortal/views/default/graph.html: 0
[2017-04-29 18:13:14] EDIT EISPortal/views/layout.html: -9
[2017-04-29 18:17:01] CREATE default/change_limit.html: 0
[2017-04-29 18:23:22] EDIT EISPortal/views/default/change_limit.html: -2
