timestamp: 2017-03-27T09:38:32.877140
CREATE TABLE auth_user(
    id INTEGER PRIMARY KEY AUTOINCREMENT,
    first_name CHAR(128),
    last_name CHAR(128),
    email CHAR(512),
    password CHAR(512),
    registration_key CHAR(512),
    reset_password_key CHAR(512),
    registration_id CHAR(512)
);
success!
timestamp: 2017-03-27T09:38:32.946741
CREATE TABLE auth_group(
    id INTEGER PRIMARY KEY AUTOINCREMENT,
    role CHAR(512),
    description TEXT
);
success!
timestamp: 2017-03-27T09:38:32.994679
CREATE TABLE auth_membership(
    id INTEGER PRIMARY KEY AUTOINCREMENT,
    user_id INTEGER REFERENCES auth_user (id) ON DELETE CASCADE  ,
    group_id INTEGER REFERENCES auth_group (id) ON DELETE CASCADE  
);
success!
timestamp: 2017-03-27T09:38:33.068180
CREATE TABLE auth_permission(
    id INTEGER PRIMARY KEY AUTOINCREMENT,
    group_id INTEGER REFERENCES auth_group (id) ON DELETE CASCADE  ,
    name CHAR(512),
    table_name CHAR(512),
    record_id INTEGER
);
success!
timestamp: 2017-03-27T09:38:33.124372
CREATE TABLE auth_event(
    id INTEGER PRIMARY KEY AUTOINCREMENT,
    time_stamp TIMESTAMP,
    client_ip CHAR(512),
    user_id INTEGER REFERENCES auth_user (id) ON DELETE CASCADE  ,
    origin CHAR(512),
    description TEXT
);
success!
timestamp: 2017-03-27T09:38:33.174860
CREATE TABLE auth_cas(
    id INTEGER PRIMARY KEY AUTOINCREMENT,
    user_id INTEGER REFERENCES auth_user (id) ON DELETE CASCADE  ,
    created_on TIMESTAMP,
    service CHAR(512),
    ticket CHAR(512),
    renew CHAR(1)
);
success!
timestamp: 2017-03-27T10:52:01.909368
CREATE TABLE instap(
    id INTEGER PRIMARY KEY AUTOINCREMENT,
    timestamp TIMESTAMP,
    power DOUBLE
);
success!
timestamp: 2017-03-27T10:52:01.966162
CREATE TABLE dailyp(
    id INTEGER PRIMARY KEY AUTOINCREMENT,
    timestamp DATE,
    power DOUBLE
);
success!
success!
timestamp: 2017-04-06T10:03:01.214784
CREATE TABLE p_limit(
    id INTEGER PRIMARY KEY AUTOINCREMENT,
    cur DOUBLE,
    max_limit DOUBLE
);
success!
